[debug] [2022-02-06T13:56:50.032Z] ----------------------------------------------------------------------
[debug] [2022-02-06T13:56:50.035Z] Command:       C:\Program Files\nodejs\node.exe C:\Users\PC\AppData\Roaming\npm\node_modules\firebase-tools\lib\bin\firebase.js init
[debug] [2022-02-06T13:56:50.036Z] CLI Version:   10.1.3
[debug] [2022-02-06T13:56:50.036Z] Platform:      win32
[debug] [2022-02-06T13:56:50.036Z] Node Version:  v16.13.2
[debug] [2022-02-06T13:56:50.036Z] Time:          Sun Feb 06 2022 09:56:50 GMT-0400 (Bolivia Time)
[debug] [2022-02-06T13:56:50.037Z] ----------------------------------------------------------------------
[debug] 
[debug] [2022-02-06T13:56:50.161Z] > command requires scopes: ["email","openid","https://www.googleapis.com/auth/cloudplatformprojects.readonly","https://www.googleapis.com/auth/firebase","https://www.googleapis.com/auth/cloud-platform"]
[debug] [2022-02-06T13:56:50.161Z] > authorizing via signed-in user (apodcheko@auis.edu)
[info] 
     ######## #### ########  ######## ########     ###     ######  ########
     ##        ##  ##     ## ##       ##     ##  ##   ##  ##       ##
     ######    ##  ########  ######   ########  #########  ######  ######
     ##        ##  ##    ##  ##       ##     ## ##     ##       ## ##
     ##       #### ##     ## ######## ########  ##     ##  ######  ########

You're about to initialize a Firebase project in this directory:

  C:\src\type_only

Before we get started, keep in mind:

  * You are currently outside your home directory
  * You are initializing within an existing Firebase project directory

